

*******************************************************************************
Sat Mar 17 20:55:03 2018


FIT:    data read from "tiempos2.dat"
        format = z
        #datapoints = 50
        residuals are weighted equally (unit weight)

function used for fitting: f(x)
	f(x) = log(x)
BREAK: Need via and either parameter list or file

*******************************************************************************
Sat Mar 17 20:55:15 2018


FIT:    data read from "tiempos2.dat"
        format = z
        #datapoints = 50
        residuals are weighted equally (unit weight)

function used for fitting: f(x)
	f(x) = a*log(x)
fitted parameters initialized with current variable values

iter      chisq       delta/lim  lambda   a            
   0 4.8673308069e+03   0.00e+00  9.87e+00    1.000000e+00
   4 5.7907108665e-04  -5.62e-11  9.87e-04    7.519213e-04

After 4 iterations the fit converged.
final sum of squares of residuals : 0.000579071
rel. change during last iteration : -5.61694e-16

degrees of freedom    (FIT_NDF)                        : 49
rms of residuals      (FIT_STDFIT) = sqrt(WSSR/ndf)    : 0.0034377
variance of residuals (reduced chisquare) = WSSR/ndf   : 1.18178e-05

Final set of parameters            Asymptotic Standard Error
=======================            ==========================
a               = 0.000751921      +/- 4.924e-05    (6.548%)


*******************************************************************************
Sat Mar 17 20:56:04 2018


FIT:    data read from "tiempos2.dat"
        format = z
        #datapoints = 50
        residuals are weighted equally (unit weight)

function used for fitting: f(x)
	f(x) = a*x + b
fitted parameters initialized with current variable values

iter      chisq       delta/lim  lambda   a             b            
   0 2.5466777226e+04   0.00e+00  1.54e+01    7.519213e-04   1.000000e+00
   5 1.0491549849e-05  -3.19e-06  1.54e-04    2.756910e-07   2.256385e-04

After 5 iterations the fit converged.
final sum of squares of residuals : 1.04915e-05
rel. change during last iteration : -3.18867e-11

degrees of freedom    (FIT_NDF)                        : 48
rms of residuals      (FIT_STDFIT) = sqrt(WSSR/ndf)    : 0.000467519
variance of residuals (reduced chisquare) = WSSR/ndf   : 2.18574e-07

Final set of parameters            Asymptotic Standard Error
=======================            ==========================
a               = 2.75691e-07      +/- 4.582e-09    (1.662%)
b               = 0.000225638      +/- 0.0001323    (58.61%)

correlation matrix of the fit parameters:
                a      b      
a               1.000 
b              -0.866  1.000 


*******************************************************************************
Sat Mar 17 20:56:22 2018


FIT:    data read from "tiempos.dat"
        format = z
        #datapoints = 50
        residuals are weighted equally (unit weight)

function used for fitting: f(x)
	f(x) = a*x + b
fitted parameters initialized with current variable values

iter      chisq       delta/lim  lambda   a             b            
   0 2.9478134932e-04   0.00e+00  5.63e-03    2.756910e-07   2.256385e-04
   4 1.0115109594e-05  -4.86e-02  5.63e-07    3.696681e-07  -1.605992e-04

After 4 iterations the fit converged.
final sum of squares of residuals : 1.01151e-05
rel. change during last iteration : -4.86154e-07

degrees of freedom    (FIT_NDF)                        : 48
rms of residuals      (FIT_STDFIT) = sqrt(WSSR/ndf)    : 0.000459055
variance of residuals (reduced chisquare) = WSSR/ndf   : 2.10731e-07

Final set of parameters            Asymptotic Standard Error
=======================            ==========================
a               = 3.69668e-07      +/- 4.499e-09    (1.217%)
b               = -0.000160599     +/- 0.0001299    (80.86%)

correlation matrix of the fit parameters:
                a      b      
a               1.000 
b              -0.866  1.000 


*******************************************************************************
Sat Mar 17 20:57:00 2018


FIT:    data read from "tiempos2.dat"
        format = z
        #datapoints = 50
        residuals are weighted equally (unit weight)

function used for fitting: f(x)
	f(x) = a*x + b
fitted parameters initialized with current variable values

iter      chisq       delta/lim  lambda   a             b            
   0 2.9515778927e-04   0.00e+00  7.55e-03    3.696681e-07  -1.605992e-04
   5 1.0491549849e-05  -6.76e-08  7.55e-08    2.756910e-07   2.256385e-04

After 5 iterations the fit converged.
final sum of squares of residuals : 1.04915e-05
rel. change during last iteration : -6.76396e-13

degrees of freedom    (FIT_NDF)                        : 48
rms of residuals      (FIT_STDFIT) = sqrt(WSSR/ndf)    : 0.000467519
variance of residuals (reduced chisquare) = WSSR/ndf   : 2.18574e-07

Final set of parameters            Asymptotic Standard Error
=======================            ==========================
a               = 2.75691e-07      +/- 4.582e-09    (1.662%)
b               = 0.000225638      +/- 0.0001323    (58.61%)

correlation matrix of the fit parameters:
                a      b      
a               1.000 
b              -0.866  1.000 


*******************************************************************************
Sat Mar 17 20:57:47 2018


FIT:    data read from "tiempos2.dat"
        format = z
        #datapoints = 50
        residuals are weighted equally (unit weight)

function used for fitting: f(x)
	f(x) = a*x + b
fitted parameters initialized with current variable values

iter      chisq       delta/lim  lambda   a             b            
   0 4.1664976513e+10   0.00e+00  2.04e+04    1.000000e+00   1.000000e+00
   8 1.0491549849e-05  -8.60e-05  2.04e-04    2.756910e-07   2.256385e-04

After 8 iterations the fit converged.
final sum of squares of residuals : 1.04915e-05
rel. change during last iteration : -8.60475e-10

degrees of freedom    (FIT_NDF)                        : 48
rms of residuals      (FIT_STDFIT) = sqrt(WSSR/ndf)    : 0.000467519
variance of residuals (reduced chisquare) = WSSR/ndf   : 2.18574e-07

Final set of parameters            Asymptotic Standard Error
=======================            ==========================
a               = 2.75691e-07      +/- 4.582e-09    (1.662%)
b               = 0.000225638      +/- 0.0001323    (58.61%)

correlation matrix of the fit parameters:
                a      b      
a               1.000 
b              -0.866  1.000 


*******************************************************************************
Sat Mar 17 20:59:13 2018


FIT:    data read from "tiempos.dat"
        format = z
        #datapoints = 50
        residuals are weighted equally (unit weight)

function used for fitting: f(x)
	f(x) = a*x + b
fitted parameters initialized with current variable values

iter      chisq       delta/lim  lambda   a             b            
   0 2.9478134932e-04   0.00e+00  5.63e-03    2.756910e-07   2.256385e-04
   4 1.0115109594e-05  -4.86e-02  5.63e-07    3.696681e-07  -1.605992e-04

After 4 iterations the fit converged.
final sum of squares of residuals : 1.01151e-05
rel. change during last iteration : -4.86154e-07

degrees of freedom    (FIT_NDF)                        : 48
rms of residuals      (FIT_STDFIT) = sqrt(WSSR/ndf)    : 0.000459055
variance of residuals (reduced chisquare) = WSSR/ndf   : 2.10731e-07

Final set of parameters            Asymptotic Standard Error
=======================            ==========================
a               = 3.69668e-07      +/- 4.499e-09    (1.217%)
b               = -0.000160599     +/- 0.0001299    (80.86%)

correlation matrix of the fit parameters:
                a      b      
a               1.000 
b              -0.866  1.000 


*******************************************************************************
Sun Mar 18 16:13:42 2018


FIT:    data read from "tiempos.dat"
        format = z
        #datapoints = 50
        residuals are weighted equally (unit weight)

function used for fitting: f(x)
	f(x) = a*x*log(x)
fitted parameters initialized with current variable values

iter      chisq       delta/lim  lambda   a            
   0 4.5859931591e+12   0.00e+00  3.03e+05    1.000000e+00
   5 1.0415238112e-05  -9.76e-11  3.03e+00    3.477529e-08

After 5 iterations the fit converged.
final sum of squares of residuals : 1.04152e-05
rel. change during last iteration : -9.75916e-16

degrees of freedom    (FIT_NDF)                        : 49
rms of residuals      (FIT_STDFIT) = sqrt(WSSR/ndf)    : 0.000461038
variance of residuals (reduced chisquare) = WSSR/ndf   : 2.12556e-07

Final set of parameters            Asymptotic Standard Error
=======================            ==========================
a               = 3.47753e-08      +/- 2.153e-10    (0.6191%)


*******************************************************************************
Sun Mar 18 16:15:17 2018


FIT:    data read from "tiempos2.dat"
        format = z
        #datapoints = 50
        residuals are weighted equally (unit weight)

function used for fitting: f(x)
	f(x) = a*x*log(x)
fitted parameters initialized with current variable values

iter      chisq       delta/lim  lambda   a            
   0 2.9869256437e-04   0.00e+00  1.05e-02    3.477529e-08
   3 1.4810101595e-05  -2.95e-05  1.05e-05    2.690751e-08

After 3 iterations the fit converged.
final sum of squares of residuals : 1.48101e-05
rel. change during last iteration : -2.94663e-10

degrees of freedom    (FIT_NDF)                        : 49
rms of residuals      (FIT_STDFIT) = sqrt(WSSR/ndf)    : 0.00054977
variance of residuals (reduced chisquare) = WSSR/ndf   : 3.02247e-07

Final set of parameters            Asymptotic Standard Error
=======================            ==========================
a               = 2.69075e-08      +/- 2.567e-10    (0.9541%)


*******************************************************************************
Sun Mar 18 16:16:28 2018


FIT:    data read from "tiempos2.dat"
        format = z
        #datapoints = 50
        residuals are weighted equally (unit weight)

function used for fitting: f(x)
	f(x) = a*x*log(x)
fitted parameters initialized with current variable values

iter      chisq       delta/lim  lambda   a            
   0 4.5859932312e+12   0.00e+00  3.03e+05    1.000000e+00
   5 1.4810101595e-05   0.00e+00  3.03e+05    2.690751e-08

After 5 iterations the fit converged.
final sum of squares of residuals : 1.48101e-05
rel. change during last iteration : 0

degrees of freedom    (FIT_NDF)                        : 49
rms of residuals      (FIT_STDFIT) = sqrt(WSSR/ndf)    : 0.00054977
variance of residuals (reduced chisquare) = WSSR/ndf   : 3.02247e-07

Final set of parameters            Asymptotic Standard Error
=======================            ==========================
a               = 2.69075e-08      +/- 2.567e-10    (0.9541%)


*******************************************************************************
Sun Mar 18 16:17:50 2018


FIT:    data read from "tiempos2.dat"
        format = z
        #datapoints = 50
        residuals are weighted equally (unit weight)

function used for fitting: g(x)
	g(x) = a*x*log(x)
fitted parameters initialized with current variable values

iter      chisq       delta/lim  lambda   a            
   0 1.4810101595e-05   0.00e+00  8.15e-03    2.690751e-08
   1 1.4810101595e-05   0.00e+00  8.15e+00    2.690751e-08

After 1 iterations the fit converged.
final sum of squares of residuals : 1.48101e-05
rel. change during last iteration : 0

degrees of freedom    (FIT_NDF)                        : 49
rms of residuals      (FIT_STDFIT) = sqrt(WSSR/ndf)    : 0.00054977
variance of residuals (reduced chisquare) = WSSR/ndf   : 3.02247e-07

Final set of parameters            Asymptotic Standard Error
=======================            ==========================
a               = 2.69075e-08      +/- 2.567e-10    (0.9541%)


*******************************************************************************
Sun Mar 18 16:18:11 2018


FIT:    data read from "tiempos.dat"
        format = z
        #datapoints = 50
        residuals are weighted equally (unit weight)

function used for fitting: g(x)
	g(x) = a*x*log(x)
fitted parameters initialized with current variable values

iter      chisq       delta/lim  lambda   a            
   0 2.9429770088e-04   0.00e+00  8.15e-03    2.690751e-08
   3 1.0415238112e-05  -4.19e-05  8.15e-06    3.477529e-08

After 3 iterations the fit converged.
final sum of squares of residuals : 1.04152e-05
rel. change during last iteration : -4.19001e-10

degrees of freedom    (FIT_NDF)                        : 49
rms of residuals      (FIT_STDFIT) = sqrt(WSSR/ndf)    : 0.000461038
variance of residuals (reduced chisquare) = WSSR/ndf   : 2.12556e-07

Final set of parameters            Asymptotic Standard Error
=======================            ==========================
a               = 3.47753e-08      +/- 2.153e-10    (0.6191%)
