

*******************************************************************************
Tue Mar  6 11:16:42 2018


FIT:    data read from "tiempos.dat"
        format = z
        #datapoints = 75
        residuals are weighted equally (unit weight)

function used for fitting: f(x)
	f(x)=a*n*n + b*n + c
fitted parameters initialized with current variable values



*******************************************************************************
Tue Mar  6 11:16:49 2018


FIT:    data read from "tiempos.dat"
        format = z
        #datapoints = 75
        residuals are weighted equally (unit weight)

function used for fitting: f(x)
	f(n)=a*n*n + b*n + c
fitted parameters initialized with current variable values

iter      chisq       delta/lim  lambda   a             b             c            
   0 7.5938906678e+17   0.00e+00  5.81e+07    1.000000e+00   1.000000e+00   1.000000e+00
  11 1.1858893347e-03  -1.11e-01  5.81e-04    3.438343e-09  -3.314737e-06   4.019228e-03

After 11 iterations the fit converged.
final sum of squares of residuals : 0.00118589
rel. change during last iteration : -1.1088e-06

degrees of freedom    (FIT_NDF)                        : 72
rms of residuals      (FIT_STDFIT) = sqrt(WSSR/ndf)    : 0.00405841
variance of residuals (reduced chisquare) = WSSR/ndf   : 1.64707e-05

Final set of parameters            Asymptotic Standard Error
=======================            ==========================
a               = 3.43834e-09      +/- 2.796e-11    (0.8131%)
b               = -3.31474e-06     +/- 4.331e-07    (13.07%)
c               = 0.00401923       +/- 0.001406     (34.99%)

correlation matrix of the fit parameters:
                a      b      c      
a               1.000 
b              -0.968  1.000 
c               0.746 -0.866  1.000 


*******************************************************************************
Sat Mar 17 18:35:01 2018


FIT:    data read from "tiempos.dat"
        format = z
        #datapoints = 75
        residuals are weighted equally (unit weight)

function used for fitting: f(x)
	f(x) = a*x + b
fitted parameters initialized with current variable values

iter      chisq       delta/lim  lambda   a             b            
   0 5.6255709356e+09   0.00e+00  6.12e+03    1.000000e+00   1.000000e+00
   7 1.2262253792e-01  -1.23e-04  6.12e-04    3.592746e-05  -8.893268e-02

After 7 iterations the fit converged.
final sum of squares of residuals : 0.122623
rel. change during last iteration : -1.22648e-09

degrees of freedom    (FIT_NDF)                        : 73
rms of residuals      (FIT_STDFIT) = sqrt(WSSR/ndf)    : 0.0409849
variance of residuals (reduced chisquare) = WSSR/ndf   : 0.00167976

Final set of parameters            Asymptotic Standard Error
=======================            ==========================
a               = 3.59275e-05      +/- 1.093e-06    (3.042%)
b               = -0.0889327       +/- 0.009466     (10.64%)

correlation matrix of the fit parameters:
                a      b      
a               1.000 
b              -0.866  1.000 


*******************************************************************************
Sat Mar 17 18:39:05 2018


FIT:    data read from "tiempos.dat"
        format = z
        #datapoints = 75
        residuals are weighted equally (unit weight)

function used for fitting: h(x)
	h(x) = a*x*x + b
fitted parameters initialized with current variable values

iter      chisq       delta/lim  lambda   a             b            
   0 9.7987591084e+08   0.00e+00  2.56e+03    3.592746e-05  -8.893268e-02
   8 3.2812445603e-04  -1.10e-08  2.56e-05    2.396025e-09   8.294322e-04

After 8 iterations the fit converged.
final sum of squares of residuals : 0.000328124
rel. change during last iteration : -1.10196e-13

degrees of freedom    (FIT_NDF)                        : 73
rms of residuals      (FIT_STDFIT) = sqrt(WSSR/ndf)    : 0.00212011
variance of residuals (reduced chisquare) = WSSR/ndf   : 4.49486e-06

Final set of parameters            Asymptotic Standard Error
=======================            ==========================
a               = 2.39602e-09      +/- 3.65e-12     (0.1523%)
b               = 0.000829432      +/- 0.0003672    (44.27%)

correlation matrix of the fit parameters:
                a      b      
a               1.000 
b              -0.745  1.000 
